<?xml version="1.0" encoding="UTF-8"?>
<robot generator="Robot 7.4.2 (Python 3.14.5 on win32)" generated="2026-05-31T23:47:24.295907" rpa="false" schemaversion="5">
<suite id="s1" name="Yago Vacinas Interface" source="C:\Users\Yagoa\Downloads\test\Projeto_MedicaMais\robot\yago_vacinas_interface.robot">
<test id="s1-t1" name="CT01 - Deve validar campos obrigatórios no registro de vacina" line="16">
<kw name="Abrir tela de vacinas">
<kw name="Open Browser" owner="SeleniumLibrary">
<msg time="2026-05-31T23:47:24.555474" level="INFO">Opening browser 'chrome' to base url 'http://localhost:3000/vacinas.html'.</msg>
<arg>${URL}</arg>
<arg>${BROWSER}</arg>
<doc>Opens a new browser instance to the optional ``url``.</doc>
<status status="PASS" start="2026-05-31T23:47:24.555218" elapsed="0.933020"/>
</kw>
<kw name="Maximize Browser Window" owner="SeleniumLibrary">
<doc>Maximizes current browser window.</doc>
<status status="PASS" start="2026-05-31T23:47:25.488499" elapsed="0.030363"/>
</kw>
<status status="PASS" start="2026-05-31T23:47:24.554184" elapsed="0.965291"/>
</kw>
<kw name="Clicar em registrar vacina">
<kw name="Click Button" owner="SeleniumLibrary">
<msg time="2026-05-31T23:47:25.520294" level="INFO">Clicking button 'id=btnRegistrarVacina'.</msg>
<arg>${BOTAO_REGISTRAR}</arg>
<doc>Clicks the button identified by ``locator``.</doc>
<status status="PASS" start="2026-05-31T23:47:25.519982" elapsed="0.096311"/>
</kw>
<status status="PASS" start="2026-05-31T23:47:25.519752" elapsed="0.096664"/>
</kw>
<kw name="Então deve exibir a mensagem">
<kw name="Wait Until Element Contains" owner="SeleniumLibrary">
<arg>${LOCATOR_MENSAGEM}</arg>
<arg>${TEXTO_ESPERADO}</arg>
<arg>5s</arg>
<doc>Waits until the element ``locator`` contains ``text``.</doc>
<status status="PASS" start="2026-05-31T23:47:25.616949" elapsed="0.039216"/>
</kw>
<kw name="Element Text Should Be" owner="SeleniumLibrary">
<msg time="2026-05-31T23:47:25.656635" level="INFO">Verifying element 'id=mensagem' contains exact text 'Todos os campos são obrigatórios'.</msg>
<arg>${LOCATOR_MENSAGEM}</arg>
<arg>${TEXTO_ESPERADO}</arg>
<doc>Verifies that element ``locator`` contains exact the text ``expected``.</doc>
<status status="PASS" start="2026-05-31T23:47:25.656342" elapsed="0.012415"/>
</kw>
<arg>Todos os campos são obrigatórios</arg>
<status status="PASS" start="2026-05-31T23:47:25.616698" elapsed="0.052172"/>
</kw>
<kw name="Capture Page Screenshot" owner="SeleniumLibrary">
<msg time="2026-05-31T23:47:25.736901" level="INFO" html="true">&lt;/td&gt;&lt;/tr&gt;&lt;tr&gt;&lt;td colspan="3"&gt;&lt;a href="docs/yago-testes-interface/evidencias/ct01-vacina-campos-obrigatorios.png"&gt;&lt;img src="docs/yago-testes-interface/evidencias/ct01-vacina-campos-obrigatorios.png" width="800px"&gt;&lt;/a&gt;</msg>
<arg>docs/yago-testes-interface/evidencias/ct01-vacina-campos-obrigatorios.png</arg>
<doc>Takes a screenshot of the current page and embeds it into a log file.</doc>
<status status="PASS" start="2026-05-31T23:47:25.669368" elapsed="0.067644"/>
</kw>
<kw name="Close Browser" owner="SeleniumLibrary" type="TEARDOWN">
<doc>Closes the current browser.</doc>
<status status="PASS" start="2026-05-31T23:47:25.737337" elapsed="2.125122"/>
</kw>
<status status="PASS" start="2026-05-31T23:47:24.550610" elapsed="3.312511"/>
</test>
<test id="s1-t2" name="CT02 - Deve registrar vacina com dados válidos" line="22">
<kw name="Abrir tela de vacinas">
<kw name="Open Browser" owner="SeleniumLibrary">
<msg time="2026-05-31T23:47:27.867970" level="INFO">Opening browser 'chrome' to base url 'http://localhost:3000/vacinas.html'.</msg>
<arg>${URL}</arg>
<arg>${BROWSER}</arg>
<doc>Opens a new browser instance to the optional ``url``.</doc>
<status status="PASS" start="2026-05-31T23:47:27.867775" elapsed="0.658243"/>
</kw>
<kw name="Maximize Browser Window" owner="SeleniumLibrary">
<doc>Maximizes current browser window.</doc>
<status status="PASS" start="2026-05-31T23:47:28.526219" elapsed="0.032585"/>
</kw>
<status status="PASS" start="2026-05-31T23:47:27.867254" elapsed="0.691694"/>
</kw>
<kw name="Informar nome da vacina">
<kw name="Input Text" owner="SeleniumLibrary">
<msg time="2026-05-31T23:47:28.559829" level="INFO">Typing text 'Influenza' into text field 'id=nomeVacina'.</msg>
<arg>${INPUT_NOME_VACINA}</arg>
<arg>${nome}</arg>
<doc>Types the given ``text`` into the text field identified by ``locator``.</doc>
<status status="PASS" start="2026-05-31T23:47:28.559521" elapsed="0.106548"/>
</kw>
<arg>Influenza</arg>
<status status="PASS" start="2026-05-31T23:47:28.559245" elapsed="0.106926"/>
</kw>
<kw name="Informar data de aplicação">
<kw name="Input Text" owner="SeleniumLibrary">
<msg time="2026-05-31T23:47:28.666923" level="INFO">Typing text '2026-05-31' into text field 'id=dataAplicacao'.</msg>
<arg>${INPUT_DATA_APLICACAO}</arg>
<arg>${data}</arg>
<doc>Types the given ``text`` into the text field identified by ``locator``.</doc>
<status status="PASS" start="2026-05-31T23:47:28.666699" elapsed="0.094295"/>
</kw>
<arg>2026-05-31</arg>
<status status="PASS" start="2026-05-31T23:47:28.666425" elapsed="0.094678"/>
</kw>
<kw name="Informar dose">
<kw name="Input Text" owner="SeleniumLibrary">
<msg time="2026-05-31T23:47:28.761903" level="INFO">Typing text 'Primeira dose' into text field 'id=dose'.</msg>
<arg>${INPUT_DOSE}</arg>
<arg>${dose}</arg>
<doc>Types the given ``text`` into the text field identified by ``locator``.</doc>
<status status="PASS" start="2026-05-31T23:47:28.761655" elapsed="0.079941"/>
</kw>
<arg>Primeira dose</arg>
<status status="PASS" start="2026-05-31T23:47:28.761391" elapsed="0.080346"/>
</kw>
<kw name="Clicar em registrar vacina">
<kw name="Click Button" owner="SeleniumLibrary">
<msg time="2026-05-31T23:47:28.842636" level="INFO">Clicking button 'id=btnRegistrarVacina'.</msg>
<arg>${BOTAO_REGISTRAR}</arg>
<doc>Clicks the button identified by ``locator``.</doc>
<status status="PASS" start="2026-05-31T23:47:28.842368" elapsed="0.096071"/>
</kw>
<status status="PASS" start="2026-05-31T23:47:28.842073" elapsed="0.096505"/>
</kw>
<kw name="Então deve exibir a mensagem">
<kw name="Wait Until Element Contains" owner="SeleniumLibrary">
<arg>${LOCATOR_MENSAGEM}</arg>
<arg>${TEXTO_ESPERADO}</arg>
<arg>5s</arg>
<doc>Waits until the element ``locator`` contains ``text``.</doc>
<status status="PASS" start="2026-05-31T23:47:28.939445" elapsed="0.026163"/>
</kw>
<kw name="Element Text Should Be" owner="SeleniumLibrary">
<msg time="2026-05-31T23:47:28.971544" level="INFO">Verifying element 'id=mensagem' contains exact text 'Vacina registrada com sucesso'.</msg>
<arg>${LOCATOR_MENSAGEM}</arg>
<arg>${TEXTO_ESPERADO}</arg>
<doc>Verifies that element ``locator`` contains exact the text ``expected``.</doc>
<status status="PASS" start="2026-05-31T23:47:28.967747" elapsed="0.021784"/>
</kw>
<arg>Vacina registrada com sucesso</arg>
<status status="PASS" start="2026-05-31T23:47:28.939132" elapsed="0.051482"/>
</kw>
<kw name="Capture Page Screenshot" owner="SeleniumLibrary">
<msg time="2026-05-31T23:47:29.039833" level="INFO" html="true">&lt;/td&gt;&lt;/tr&gt;&lt;tr&gt;&lt;td colspan="3"&gt;&lt;a href="docs/yago-testes-interface/evidencias/ct02-vacina-valida.png"&gt;&lt;img src="docs/yago-testes-interface/evidencias/ct02-vacina-valida.png" width="800px"&gt;&lt;/a&gt;</msg>
<arg>docs/yago-testes-interface/evidencias/ct02-vacina-valida.png</arg>
<doc>Takes a screenshot of the current page and embeds it into a log file.</doc>
<status status="PASS" start="2026-05-31T23:47:28.991570" elapsed="0.048359"/>
</kw>
<kw name="Close Browser" owner="SeleniumLibrary" type="TEARDOWN">
<doc>Closes the current browser.</doc>
<status status="PASS" start="2026-05-31T23:47:29.040247" elapsed="2.097031"/>
</kw>
<status status="PASS" start="2026-05-31T23:47:27.865329" elapsed="3.272294"/>
</test>
<status status="PASS" start="2026-05-31T23:47:24.297021" elapsed="6.843171"/>
</suite>
<statistics>
<total>
<stat pass="2" fail="0" skip="0">All Tests</stat>
</total>
<tag>
</tag>
<suite>
<stat name="Yago Vacinas Interface" id="s1" pass="2" fail="0" skip="0">Yago Vacinas Interface</stat>
</suite>
</statistics>
<errors>
</errors>
</robot>
