<?xml version="1.0" encoding="UTF-8"?>
<robot generator="Robot 7.4.2 (Python 3.14.5 on win32)" generated="2026-05-31T21:53:30.657604" rpa="false" schemaversion="5">
<suite id="s1" name="Agenda Interface Yago" source="C:\Users\Yagoa\Downloads\test\Projeto_MedicaMais\robot\agenda_interface_yago.robot">
<test id="s1-t1" name="CT01 - Deve validar campos obrigatórios na tela de agenda" line="17">
<kw name="Abrir tela de agenda">
<kw name="Open Browser" owner="SeleniumLibrary">
<msg time="2026-05-31T21:53:30.972570" level="INFO">Opening browser 'chrome' to base url 'http://localhost:3000/agenda.html'.</msg>
<arg>${URL}</arg>
<arg>${BROWSER}</arg>
<doc>Opens a new browser instance to the optional ``url``.</doc>
<status status="PASS" start="2026-05-31T21:53:30.972349" elapsed="1.073779"/>
</kw>
<kw name="Maximize Browser Window" owner="SeleniumLibrary">
<doc>Maximizes current browser window.</doc>
<status status="PASS" start="2026-05-31T21:53:32.046357" elapsed="0.020078"/>
</kw>
<status status="PASS" start="2026-05-31T21:53:30.971716" elapsed="1.094855"/>
</kw>
<kw name="Clicar em confirmar agendamento">
<kw name="Click Button" owner="SeleniumLibrary">
<msg time="2026-05-31T21:53:32.067429" level="INFO">Clicking button 'id=btnAgendar'.</msg>
<arg>${BOTAO_AGENDAR}</arg>
<doc>Clicks the button identified by ``locator``.</doc>
<status status="PASS" start="2026-05-31T21:53:32.067103" elapsed="0.076110"/>
</kw>
<status status="PASS" start="2026-05-31T21:53:32.066868" elapsed="0.076459"/>
</kw>
<kw name="Então deve exibir a mensagem">
<kw name="Wait Until Element Contains" owner="SeleniumLibrary">
<arg>${LOCATOR_MENSAGEM}</arg>
<arg>${TEXTO_ESPERADO}</arg>
<arg>5s</arg>
<doc>Waits until the element ``locator`` contains ``text``.</doc>
<status status="PASS" start="2026-05-31T21:53:32.143902" elapsed="0.453028"/>
</kw>
<kw name="Element Text Should Be" owner="SeleniumLibrary">
<msg time="2026-05-31T21:53:32.597393" level="INFO">Verifying element 'id=mensagem' contains exact text 'Por favor, preencha todos os campos.'.</msg>
<arg>${LOCATOR_MENSAGEM}</arg>
<arg>${TEXTO_ESPERADO}</arg>
<doc>Verifies that element ``locator`` contains exact the text ``expected``.</doc>
<status status="PASS" start="2026-05-31T21:53:32.597103" elapsed="0.007765"/>
</kw>
<arg>Por favor, preencha todos os campos.</arg>
<status status="PASS" start="2026-05-31T21:53:32.143626" elapsed="0.461336"/>
</kw>
<kw name="Capture Page Screenshot" owner="SeleniumLibrary">
<msg time="2026-05-31T21:53:32.801176" level="INFO" html="true">&lt;/td&gt;&lt;/tr&gt;&lt;tr&gt;&lt;td colspan="3"&gt;&lt;a href="docs/testes-interface/evidencias/ct01-agenda-campos-obrigatorios.png"&gt;&lt;img src="docs/testes-interface/evidencias/ct01-agenda-campos-obrigatorios.png" width="800px"&gt;&lt;/a&gt;</msg>
<arg>docs/testes-interface/evidencias/ct01-agenda-campos-obrigatorios.png</arg>
<doc>Takes a screenshot of the current page and embeds it into a log file.</doc>
<status status="PASS" start="2026-05-31T21:53:32.605175" elapsed="0.196112"/>
</kw>
<kw name="Close Browser" owner="SeleniumLibrary" type="TEARDOWN">
<doc>Closes the current browser.</doc>
<status status="PASS" start="2026-05-31T21:53:32.801654" elapsed="2.123281"/>
</kw>
<status status="PASS" start="2026-05-31T21:53:30.971010" elapsed="3.954128"/>
</test>
<test id="s1-t2" name="CT02 - Deve validar médico obrigatório na tela de agenda" line="23">
<kw name="Abrir tela de agenda">
<kw name="Open Browser" owner="SeleniumLibrary">
<msg time="2026-05-31T21:53:34.926451" level="INFO">Opening browser 'chrome' to base url 'http://localhost:3000/agenda.html'.</msg>
<arg>${URL}</arg>
<arg>${BROWSER}</arg>
<doc>Opens a new browser instance to the optional ``url``.</doc>
<status status="PASS" start="2026-05-31T21:53:34.926224" elapsed="0.978609"/>
</kw>
<kw name="Maximize Browser Window" owner="SeleniumLibrary">
<doc>Maximizes current browser window.</doc>
<status status="PASS" start="2026-05-31T21:53:35.905090" elapsed="0.024048"/>
</kw>
<status status="PASS" start="2026-05-31T21:53:34.925998" elapsed="1.003271"/>
</kw>
<kw name="Selecionar especialidade">
<kw name="Select From List By Label" owner="SeleniumLibrary">
<msg time="2026-05-31T21:53:35.930570" level="INFO">Selecting options from selection list 'id=especialidade' by label Cardiologia.</msg>
<arg>${SELECT_ESPECIALIDADE}</arg>
<arg>${especialidade}</arg>
<doc>Selects options from selection list ``locator`` by ``labels``.</doc>
<status status="PASS" start="2026-05-31T21:53:35.930101" elapsed="0.067537"/>
</kw>
<arg>Cardiologia</arg>
<status status="PASS" start="2026-05-31T21:53:35.929611" elapsed="0.068192"/>
</kw>
<kw name="Informar data">
<kw name="Input Text" owner="SeleniumLibrary">
<msg time="2026-05-31T21:53:35.998825" level="INFO">Typing text '2026-12-10' into text field 'id=data'.</msg>
<arg>${INPUT_DATA}</arg>
<arg>${data}</arg>
<doc>Types the given ``text`` into the text field identified by ``locator``.</doc>
<status status="PASS" start="2026-05-31T21:53:35.998489" elapsed="0.072269"/>
</kw>
<arg>2026-12-10</arg>
<status status="PASS" start="2026-05-31T21:53:35.998161" elapsed="0.072744"/>
</kw>
<kw name="Informar hora">
<kw name="Input Text" owner="SeleniumLibrary">
<msg time="2026-05-31T21:53:36.071940" level="INFO">Typing text '14:30' into text field 'id=hora'.</msg>
<arg>${INPUT_HORA}</arg>
<arg>${hora}</arg>
<doc>Types the given ``text`` into the text field identified by ``locator``.</doc>
<status status="PASS" start="2026-05-31T21:53:36.071613" elapsed="0.070374"/>
</kw>
<arg>14:30</arg>
<status status="PASS" start="2026-05-31T21:53:36.071256" elapsed="0.070846"/>
</kw>
<kw name="Clicar em confirmar agendamento">
<kw name="Click Button" owner="SeleniumLibrary">
<msg time="2026-05-31T21:53:36.142994" level="INFO">Clicking button 'id=btnAgendar'.</msg>
<arg>${BOTAO_AGENDAR}</arg>
<doc>Clicks the button identified by ``locator``.</doc>
<status status="PASS" start="2026-05-31T21:53:36.142715" elapsed="0.051983"/>
</kw>
<status status="PASS" start="2026-05-31T21:53:36.142378" elapsed="0.052455"/>
</kw>
<kw name="Então deve exibir a mensagem">
<kw name="Wait Until Element Contains" owner="SeleniumLibrary">
<arg>${LOCATOR_MENSAGEM}</arg>
<arg>${TEXTO_ESPERADO}</arg>
<arg>5s</arg>
<doc>Waits until the element ``locator`` contains ``text``.</doc>
<status status="PASS" start="2026-05-31T21:53:36.198955" elapsed="0.227430"/>
</kw>
<kw name="Element Text Should Be" owner="SeleniumLibrary">
<msg time="2026-05-31T21:53:36.426907" level="INFO">Verifying element 'id=mensagem' contains exact text 'Por favor, preencha todos os campos.'.</msg>
<arg>${LOCATOR_MENSAGEM}</arg>
<arg>${TEXTO_ESPERADO}</arg>
<doc>Verifies that element ``locator`` contains exact the text ``expected``.</doc>
<status status="PASS" start="2026-05-31T21:53:36.426585" elapsed="0.008939"/>
</kw>
<arg>Por favor, preencha todos os campos.</arg>
<status status="PASS" start="2026-05-31T21:53:36.197386" elapsed="0.238281"/>
</kw>
<kw name="Capture Page Screenshot" owner="SeleniumLibrary">
<msg time="2026-05-31T21:53:36.629752" level="INFO" html="true">&lt;/td&gt;&lt;/tr&gt;&lt;tr&gt;&lt;td colspan="3"&gt;&lt;a href="docs/testes-interface/evidencias/ct02-agenda-medico-obrigatorio.png"&gt;&lt;img src="docs/testes-interface/evidencias/ct02-agenda-medico-obrigatorio.png" width="800px"&gt;&lt;/a&gt;</msg>
<arg>docs/testes-interface/evidencias/ct02-agenda-medico-obrigatorio.png</arg>
<doc>Takes a screenshot of the current page and embeds it into a log file.</doc>
<status status="PASS" start="2026-05-31T21:53:36.435927" elapsed="0.193930"/>
</kw>
<kw name="Close Browser" owner="SeleniumLibrary" type="TEARDOWN">
<doc>Closes the current browser.</doc>
<status status="PASS" start="2026-05-31T21:53:36.630210" elapsed="2.114165"/>
</kw>
<status status="PASS" start="2026-05-31T21:53:34.925597" elapsed="3.819132"/>
</test>
<status status="PASS" start="2026-05-31T21:53:30.658922" elapsed="8.086387"/>
</suite>
<statistics>
<total>
<stat pass="2" fail="0" skip="0">All Tests</stat>
</total>
<tag>
</tag>
<suite>
<stat name="Agenda Interface Yago" id="s1" pass="2" fail="0" skip="0">Agenda Interface Yago</stat>
</suite>
</statistics>
<errors>
</errors>
</robot>
